setting 'ivy.default.settings.dir' to 'jar:file:/D:/sbt/sbt-launch-0.7.4.jar!/org/apache/ivy/core/settings'
setting 'ivy.basedir' to 'D:\Scala\PomToPm\.'
setting 'ivy.default.conf.dir' to 'jar:file:/D:/sbt/sbt-launch-0.7.4.jar!/org/apache/ivy/core/settings'
impossible to define new type: class not found: org.apache.ivy.plugins.version.PatternVersionMatcher in [] nor Ivy classloader
impossible to define new type: class not found: org.apache.ivy.plugins.trigger.LogTrigger in [] nor Ivy classloader
impossible to define new type: class not found: org.apache.ivy.plugins.resolver.VsftpResolver in [] nor Ivy classloader
impossible to define new type: class not found: org.apache.ivy.plugins.conflict.RegexpConflictManager in [] nor Ivy classloader
impossible to define new type: class not found: org.apache.ivy.plugins.resolver.SshResolver in [] nor Ivy classloader
impossible to define new type: class not found: org.apache.ivy.plugins.resolver.VfsResolver in [] nor Ivy classloader
impossible to define new type: class not found: org.apache.ivy.plugins.resolver.SFTPResolver in [] nor Ivy classloader
impossible to define new type: class not found: org.apache.ivy.plugins.resolver.packager.PackagerResolver in [] nor Ivy classloader
impossible to define new type: class not found: org.apache.ivy.ant.AntCallTrigger in [] nor Ivy classloader
impossible to define new type: class not found: org.apache.ivy.plugins.resolver.IvyRepResolver in [] nor Ivy classloader
impossible to define new type: class not found: org.apache.ivy.ant.AntBuildTrigger in [] nor Ivy classloader
impossible to define glob matcher: org.apache.ivy.plugins.matcher.GlobPatternMatcher was not found.
setting 'java.runtime.name' to 'Java(TM) 2 Runtime Environment, Standard Edition'
setting 'sun.boot.library.path' to 'd:\jdk5\jre\bin'
setting 'java.vm.version' to '1.5.0_12-b04'
setting 'java.vm.vendor' to 'Sun Microsystems Inc.'
setting 'java.vendor.url' to 'http://java.sun.com/'
setting 'path.separator' to ';'
setting 'java.vm.name' to 'Java HotSpot(TM) Client VM'
setting 'file.encoding.pkg' to 'sun.io'
setting 'sun.java.launcher' to 'SUN_STANDARD'
setting 'user.country' to 'US'
setting 'sun.os.patch.level' to 'Service Pack 3'
setting 'java.vm.specification.name' to 'Java Virtual Machine Specification'
setting 'user.dir' to 'D:\Scala\PomToPm'
setting 'java.runtime.version' to '1.5.0_12-b04'
setting 'java.awt.graphicsenv' to 'sun.awt.Win32GraphicsEnvironment'
setting 'java.endorsed.dirs' to 'd:\jdk5\jre\lib\endorsed'
setting 'os.arch' to 'x86'
setting 'java.io.tmpdir' to 'C:\DOCUME~1\VASIL_~1\LOCALS~1\Temp\'
setting 'line.separator' to '
'
setting 'java.vm.specification.vendor' to 'Sun Microsystems Inc.'
setting 'user.variant' to ''
setting 'os.name' to 'Windows XP'
setting 'sun.jnu.encoding' to 'Cp1251'
setting 'java.library.path' to 'd:\jdk5\bin;.;C:\WINXP\system32;C:\WINXP;d:\jdk5\bin;D:\maven\bin;D:\oracle\ora92\bin;C:\Program Files\Oracle\jre\1.3.1\bin;C:\Program Files\Oracle\jre\1.1.8\bin;C:\WINXP\system32;C:\WINXP;C:\WINXP\System32\Wbem;C:\Program Files\Windows Imaging\;C:\Program Files\QuickTime\QTSystem\;C:\Program Files\TortoiseSVN\bin;C:\WINXP\system32\WindowsPowerShell\v1.0;D:\scala28\bin;d:\mercurial;C:\Program Files\TortoiseHg;D:\sbt;D:\scala28\bin'
setting 'java.specification.name' to 'Java Platform API Specification'
setting 'java.class.version' to '49.0'
setting 'sun.management.compiler' to 'HotSpot Client Compiler'
setting 'os.version' to '5.1'
setting 'user.home' to 'C:\Documents and Settings\Vasil_Remeniuk'
setting 'user.timezone' to 'Europe/Minsk'
setting 'java.awt.printerjob' to 'sun.awt.windows.WPrinterJob'
setting 'file.encoding' to 'Cp1252'
setting 'java.specification.version' to '1.5'
setting 'java.class.path' to 'd:/sbt/sbt-launch-0.7.4.jar'
setting 'user.name' to 'Vasil_Remeniuk'
setting 'java.vm.specification.version' to '1.0'
setting 'java.home' to 'd:\jdk5\jre'
setting 'sun.arch.data.model' to '32'
setting 'user.language' to 'en'
setting 'java.specification.vendor' to 'Sun Microsystems Inc.'
setting 'awt.toolkit' to 'sun.awt.windows.WToolkit'
setting 'java.vm.info' to 'mixed mode, sharing'
setting 'java.version' to '1.5.0_12'
setting 'java.ext.dirs' to 'd:\jdk5\jre\lib\ext'
setting 'sun.boot.class.path' to 'd:\jdk5\jre\lib\rt.jar;d:\jdk5\jre\lib\i18n.jar;d:\jdk5\jre\lib\sunrsasign.jar;d:\jdk5\jre\lib\jsse.jar;d:\jdk5\jre\lib\jce.jar;d:\jdk5\jre\lib\charsets.jar;d:\jdk5\jre\classes'
setting 'java.vendor' to 'Sun Microsystems Inc.'
setting 'file.separator' to '\'
setting 'java.vendor.url.bug' to 'http://java.sun.com/cgi-bin/bugreport.cgi'
setting 'sun.io.unicode.encoding' to 'UnicodeLittle'
setting 'sun.cpu.endian' to 'little'
setting 'sun.desktop' to 'windows'
setting 'sun.cpu.isalist' to ''
setting 'ivy.default.ivy.user.dir' to 'C:\Documents and Settings\Vasil_Remeniuk\.ivy2'
setting 'ivy.home' to 'C:\Documents and Settings\Vasil_Remeniuk\.ivy2'
no default ivy user dir defined: set to C:\Documents and Settings\Vasil_Remeniuk\.ivy2
setting 'ivy.cache.dir' to 'C:\Documents and Settings\Vasil_Remeniuk\.ivy2\cache'
no default cache defined: set to C:\Documents and Settings\Vasil_Remeniuk\.ivy2\cache
setting 'ivy.basedir' to 'D:\Scala\PomToPm\project\boot'
setting 'basedir' to 'D:\Scala\PomToPm\project\boot'
setting 'scala' to '2.8.0.RC1'
:: resolving dependencies :: org.scala-tools.sbt#boot-scala;1.0
	confs: [default]
	validate = true
	refresh = false
resolving dependencies for configuration 'default'
== resolving dependencies for org.scala-tools.sbt#boot-scala;1.0 [default]
loadData of org.scala-tools.sbt#boot-scala;1.0 of rootConf=default
== resolving dependencies org.scala-tools.sbt#boot-scala;1.0->org.scala-lang#scala-compiler;2.8.0.RC1 [default->default]
loadData of org.scala-lang#scala-compiler;2.8.0.RC1 of rootConf=default
	using redefined-public to resolve org.scala-lang#scala-compiler;2.8.0.RC1
redefined-public: Checking cache for: dependency: org.scala-lang#scala-compiler;2.8.0.RC1 {default=[default]}
redefined-public: no namespace defined: using system
No entry is found in the ModuleDescriptorCache : C:\Documents and Settings\Vasil_Remeniuk\.ivy2\cache\org.scala-lang\scala-compiler\ivy-2.8.0.RC1.xml
pre 1.3 ivy file: using exactOrRegexp as default matcher
	found ivy file in cache for org.scala-lang#scala-compiler;2.8.0.RC1 (resolved by Maven Central): C:\Documents and Settings\Vasil_Remeniuk\.ivy2\cache\org.scala-lang\scala-compiler\ivy-2.8.0.RC1.xml
redefined-public: module revision found in cache: org.scala-lang#scala-compiler;2.8.0.RC1
redefined-public: no latest strategy defined: using default
	found org.scala-lang#scala-compiler;2.8.0.RC1 in Maven Central
== resolving dependencies org.scala-tools.sbt#boot-scala;1.0->org.scala-lang#scala-compiler;2.8.0.RC1 [default->runtime]
loadData of org.scala-lang#scala-compiler;2.8.0.RC1 of rootConf=default
== resolving dependencies org.scala-tools.sbt#boot-scala;1.0->org.scala-lang#scala-compiler;2.8.0.RC1 [default->compile]
loadData of org.scala-lang#scala-compiler;2.8.0.RC1 of rootConf=default
== resolving dependencies org.scala-lang#scala-compiler;2.8.0.RC1->org.scala-lang#scala-library;2.8.0.RC1 [compile->compile(*)]
loadData of org.scala-lang#scala-library;2.8.0.RC1 of rootConf=default
	using redefined-public to resolve org.scala-lang#scala-library;2.8.0.RC1
redefined-public: Checking cache for: dependency: org.scala-lang#scala-library;2.8.0.RC1 {compile=[compile(*), master(*)], runtime=[runtime(*)]}
No entry is found in the ModuleDescriptorCache : C:\Documents and Settings\Vasil_Remeniuk\.ivy2\cache\org.scala-lang\scala-library\ivy-2.8.0.RC1.xml
pre 1.3 ivy file: using exactOrRegexp as default matcher
	found ivy file in cache for org.scala-lang#scala-library;2.8.0.RC1 (resolved by Maven Central): C:\Documents and Settings\Vasil_Remeniuk\.ivy2\cache\org.scala-lang\scala-library\ivy-2.8.0.RC1.xml
redefined-public: module revision found in cache: org.scala-lang#scala-library;2.8.0.RC1
	found org.scala-lang#scala-library;2.8.0.RC1 in Maven Central
== resolving dependencies org.scala-lang#scala-compiler;2.8.0.RC1->org.scala-lang#scala-library;2.8.0.RC1 [compile->master(*)]
loadData of org.scala-lang#scala-library;2.8.0.RC1 of rootConf=default
== resolving dependencies org.scala-lang#scala-compiler;2.8.0.RC1->org.scala-lang#scala-library;2.8.0.RC1 [compile->default]
loadData of org.scala-lang#scala-library;2.8.0.RC1 of rootConf=default
== resolving dependencies org.scala-lang#scala-compiler;2.8.0.RC1->org.scala-lang#scala-library;2.8.0.RC1 [compile->runtime]
loadData of org.scala-lang#scala-library;2.8.0.RC1 of rootConf=default
== resolving dependencies org.scala-lang#scala-compiler;2.8.0.RC1->org.scala-lang#scala-library;2.8.0.RC1 [compile->compile]
loadData of org.scala-lang#scala-library;2.8.0.RC1 of rootConf=default
== resolving dependencies org.scala-lang#scala-compiler;2.8.0.RC1->org.scala-lang#scala-library;2.8.0.RC1 [compile->master]
loadData of org.scala-lang#scala-library;2.8.0.RC1 of rootConf=default
== resolving dependencies org.scala-lang#scala-compiler;2.8.0.RC1->org.scala-lang#scala-library;2.8.0.RC1 [runtime->runtime(*)]
loadData of org.scala-lang#scala-library;2.8.0.RC1 of rootConf=default
== resolving dependencies org.scala-lang#scala-compiler;2.8.0.RC1->org.scala-lang#scala-library;2.8.0.RC1 [runtime->compile]
loadData of org.scala-lang#scala-library;2.8.0.RC1 of rootConf=default
default is loaded and no conf to load.  Skip loading
== resolving dependencies org.scala-tools.sbt#boot-scala;1.0->org.scala-lang#scala-compiler;2.8.0.RC1 [default->master]
loadData of org.scala-lang#scala-compiler;2.8.0.RC1 of rootConf=default
== resolving dependencies org.scala-tools.sbt#boot-scala;1.0->org.scala-lang#scala-library;2.8.0.RC1 [default->default]
loadData of org.scala-lang#scala-library;2.8.0.RC1 of rootConf=default
default is loaded and no conf to load.  Skip loading
== resolving dependencies org.scala-tools.sbt#boot-scala;1.0->org.scala-lang#scala-library;2.8.0.RC1 [default->runtime]
loadData of org.scala-lang#scala-library;2.8.0.RC1 of rootConf=default
default is loaded and no conf to load.  Skip loading
== resolving dependencies org.scala-tools.sbt#boot-scala;1.0->org.scala-lang#scala-library;2.8.0.RC1 [default->compile]
loadData of org.scala-lang#scala-library;2.8.0.RC1 of rootConf=default
default is loaded and no conf to load.  Skip loading
== resolving dependencies org.scala-tools.sbt#boot-scala;1.0->org.scala-lang#scala-library;2.8.0.RC1 [default->master]
loadData of org.scala-lang#scala-library;2.8.0.RC1 of rootConf=default
default is loaded and no conf to load.  Skip loading
Nbr of module to sort : 2
Sort dependencies of : org.scala-lang#scala-compiler;2.8.0.RC1 / Number of dependencies = 2
Sort dependencies of : org.scala-lang#scala-library;2.8.0.RC1 / Number of dependencies = 0
Sort done for : org.scala-lang#scala-library;2.8.0.RC1
Sort done for : org.scala-lang#scala-compiler;2.8.0.RC1
Module descriptor is processed : org.scala-lang#scala-library;2.8.0.RC1
	resolved ivy file produced in C:\Documents and Settings\Vasil_Remeniuk\.ivy2\cache\resolved-org.scala-tools.sbt-boot-scala-1.0.xml
:: downloading artifacts ::
	[NOT REQUIRED] org.scala-lang#scala-compiler;2.8.0.RC1!scala-compiler.jar
	[NOT REQUIRED] org.scala-lang#scala-library;2.8.0.RC1!scala-library.jar
:: resolution report :: resolve 171ms :: artifacts dl 0ms
Nbr of module to sort : 2
Sort dependencies of : org.scala-lang#scala-compiler;2.8.0.RC1 / Number of dependencies = 2
Sort dependencies of : org.scala-lang#scala-library;2.8.0.RC1 / Number of dependencies = 0
Sort done for : org.scala-lang#scala-library;2.8.0.RC1
Sort done for : org.scala-lang#scala-compiler;2.8.0.RC1
Module descriptor is processed : org.scala-lang#scala-library;2.8.0.RC1
	report for org.scala-tools.sbt#boot-scala;1.0 default produced in C:\Documents and Settings\Vasil_Remeniuk\.ivy2\cache\org.scala-tools.sbt-boot-scala-default.xml
	resolve done (171ms resolve - 0ms download)
:: retrieving :: org.scala-tools.sbt#boot-scala
	checkUpToDate=true
no explicit confs given for retrieve, using ivy file: C:\Documents and Settings\Vasil_Remeniuk\.ivy2\cache\resolved-org.scala-tools.sbt-boot-scala-1.0.xml
using ivy parser to parse C:\Documents and Settings\Vasil_Remeniuk\.ivy2\cache\resolved-org.scala-tools.sbt-boot-scala-1.0.xml
pre 1.3 ivy file: using exactOrRegexp as default matcher
	confs: [default]
	retrieving C:\Documents and Settings\Vasil_Remeniuk\.ivy2\cache\org.scala-lang\scala-compiler\jars\scala-compiler-2.8.0.RC1.jar
		to D:\Scala\PomToPm\project\boot\scala-2.8.0.RC1\lib\scala-compiler.jar
	retrieving C:\Documents and Settings\Vasil_Remeniuk\.ivy2\cache\org.scala-lang\scala-library\jars\scala-library-2.8.0.RC1.jar
		to D:\Scala\PomToPm\project\boot\scala-2.8.0.RC1\lib\scala-library.jar
	2 artifacts copied, 0 already retrieved (14126kB/1235ms)
	retrieve done (1235ms)
